<component name="libraryTable">
  <library name="junit-4.10">
    <CLASSES>
      <root url="jar://$PROJECT_DIR$/lib/junit-4.10.jar!/" />
      <root url="jar://$PROJECT_DIR$/lib/log4j-api-2.10.0.jar!/" />
      <root url="jar://$PROJECT_DIR$/lib/mysql-connector-java-5.1.47-bin.jar!/" />
    </CLASSES>
    <JAVADOC />
    <SOURCES />
  </library>
</component>